2020-06-23 21:23:23 [scrapy.utils.log] INFO: Scrapy 2.1.0 started (bot: findjob_python)
2020-06-23 21:23:23 [scrapy.utils.log] INFO: Versions: lxml 4.5.1.0, libxml2 2.9.5, cssselect 1.1.0, parsel 1.6.0, w3lib 1.22.0, Twisted 20.3.0, Python 3.8.1 (tags/v3.8.1:1b293b6, Dec 18 2019, 23:11:46) [MSC v.1916 64 bit (AMD64)], pyOpenSSL 19.1.0 (OpenSSL 1.1.1g  21 Apr 2020), cryptography 2.9.2, Platform Windows-10-10.0.18362-SP0
2020-06-23 21:23:23 [scrapy.utils.log] DEBUG: Using reactor: twisted.internet.selectreactor.SelectReactor
2020-06-23 21:23:23 [scrapy.crawler] INFO: Overridden settings:
{'BOT_NAME': 'findjob_python',
 'LOG_FILE': 'all.log',
 'NEWSPIDER_MODULE': 'findjob_python.spiders',
 'SPIDER_MODULES': ['findjob_python.spiders']}
2020-06-23 21:23:23 [scrapy.extensions.telnet] INFO: Telnet Password: 3c4b1e6231914ac6
2020-06-23 21:23:23 [scrapy.middleware] INFO: Enabled extensions:
['scrapy.extensions.corestats.CoreStats',
 'scrapy.extensions.telnet.TelnetConsole',
 'scrapy.extensions.logstats.LogStats']
2020-06-23 21:23:25 [scrapy.middleware] INFO: Enabled downloader middlewares:
['scrapy.downloadermiddlewares.httpauth.HttpAuthMiddleware',
 'scrapy.downloadermiddlewares.downloadtimeout.DownloadTimeoutMiddleware',
 'scrapy.downloadermiddlewares.defaultheaders.DefaultHeadersMiddleware',
 'scrapy.downloadermiddlewares.useragent.UserAgentMiddleware',
 'scrapy.downloadermiddlewares.retry.RetryMiddleware',
 'scrapy.downloadermiddlewares.redirect.MetaRefreshMiddleware',
 'scrapy.downloadermiddlewares.httpcompression.HttpCompressionMiddleware',
 'scrapy.downloadermiddlewares.redirect.RedirectMiddleware',
 'scrapy.downloadermiddlewares.cookies.CookiesMiddleware',
 'scrapy.downloadermiddlewares.httpproxy.HttpProxyMiddleware',
 'scrapy.downloadermiddlewares.stats.DownloaderStats']
2020-06-23 21:23:25 [scrapy.middleware] INFO: Enabled spider middlewares:
['scrapy.spidermiddlewares.httperror.HttpErrorMiddleware',
 'scrapy.spidermiddlewares.offsite.OffsiteMiddleware',
 'scrapy.spidermiddlewares.referer.RefererMiddleware',
 'scrapy.spidermiddlewares.urllength.UrlLengthMiddleware',
 'scrapy.spidermiddlewares.depth.DepthMiddleware']
2020-06-23 21:23:25 [scrapy.middleware] INFO: Enabled item pipelines:
[]
2020-06-23 21:23:25 [scrapy.core.engine] INFO: Spider opened
2020-06-23 21:23:25 [scrapy.extensions.logstats] INFO: Crawled 0 pages (at 0 pages/min), scraped 0 items (at 0 items/min)
2020-06-23 21:23:25 [scrapy.extensions.telnet] INFO: Telnet console listening on 127.0.0.1:6023
2020-06-23 21:23:25 [scrapy.core.engine] ERROR: Error while obtaining start requests
Traceback (most recent call last):
  File "D:\gitwork\pythonhomework\exe11\Problem7\venv\lib\site-packages\scrapy\core\engine.py", line 129, in _next_request
    request = next(slot.start_requests)
  File "D:\gitwork\pythonhomework\exe11\Problem7\findjob_python\findjob_python\spiders\findjob.py", line 17, in start_requests
    for page in range(1, len(MAX)):
TypeError: object of type 'int' has no len()
2020-06-23 21:23:25 [scrapy.core.engine] INFO: Closing spider (finished)
2020-06-23 21:23:25 [scrapy.statscollectors] INFO: Dumping Scrapy stats:
{'elapsed_time_seconds': 0.005997,
 'finish_reason': 'finished',
 'finish_time': datetime.datetime(2020, 6, 23, 13, 23, 25, 34699),
 'log_count/ERROR': 1,
 'log_count/INFO': 10,
 'start_time': datetime.datetime(2020, 6, 23, 13, 23, 25, 28702)}
2020-06-23 21:23:25 [scrapy.core.engine] INFO: Spider closed (finished)
